./myip_test
========= 测试 1: 基础写入测试 =========
开始写入地址: 0x0, 数据: 0x12345678
地址写通道握手成功!
数据写通道握手成功!
写入成功!
写入完成: 地址: 0x0, 数据: 0x12345678 成功
开始写入地址: 0x4, 数据: 0x1234567c
地址写通道握手成功!
数据写通道握手成功!
写入成功!
写入完成: 地址: 0x4, 数据: 0x1234567c 成功
开始写入地址: 0x8, 数据: 0x12345680
地址写通道握手成功!
数据写通道握手成功!
写入成功!
写入完成: 地址: 0x8, 数据: 0x12345680 成功
开始写入地址: 0xc, 数据: 0x12345684
地址写通道握手成功!
数据写通道握手成功!
写入成功!
写入完成: 地址: 0xc, 数据: 0x12345684 成功
开始写入地址: 0x10, 数据: 0x12345688
地址写通道握手成功!
数据写通道握手成功!
写入成功!
写入完成: 地址: 0x10, 数据: 0x12345688 成功
开始写入地址: 0x14, 数据: 0x1234568c
地址写通道握手成功!
数据写通道握手成功!
写入成功!
写入完成: 地址: 0x14, 数据: 0x1234568c 成功
开始写入地址: 0x18, 数据: 0x12345690
地址写通道握手成功!
数据写通道握手成功!
写入成功!
写入完成: 地址: 0x18, 数据: 0x12345690 成功
开始写入地址: 0x1c, 数据: 0x12345694
地址写通道握手成功!
数据写通道握手成功!
写入成功!
写入完成: 地址: 0x1c, 数据: 0x12345694 成功
开始写入地址: 0x20, 数据: 0x12345698
地址写通道握手成功!
数据写通道握手成功!
写入成功!
写入完成: 地址: 0x20, 数据: 0x12345698 成功
开始写入地址: 0x24, 数据: 0x1234569c
地址写通道握手成功!
数据写通道握手成功!
写入成功!
写入完成: 地址: 0x24, 数据: 0x1234569c 成功
开始写入地址: 0x28, 数据: 0x123456a0
地址写通道握手成功!
数据写通道握手成功!
写入成功!
写入完成: 地址: 0x28, 数据: 0x123456a0 成功
开始写入地址: 0x2c, 数据: 0x123456a4
地址写通道握手成功!
数据写通道握手成功!
写入成功!
写入完成: 地址: 0x2c, 数据: 0x123456a4 成功
开始写入地址: 0x30, 数据: 0x123456a8
地址写通道握手成功!
数据写通道握手成功!
写入成功!
写入完成: 地址: 0x30, 数据: 0x123456a8 成功
开始写入地址: 0x34, 数据: 0x123456ac
地址写通道握手成功!
数据写通道握手成功!
写入成功!
写入完成: 地址: 0x34, 数据: 0x123456ac 成功
开始写入地址: 0x38, 数据: 0x123456b0
地址写通道握手成功!
数据写通道握手成功!
写入成功!
写入完成: 地址: 0x38, 数据: 0x123456b0 成功
开始写入地址: 0x3c, 数据: 0x123456b4
地址写通道握手成功!
数据写通道握手成功!
写入成功!
写入完成: 地址: 0x3c, 数据: 0x123456b4 成功
========= 测试 2: 启动处理功能 =========
========= 启动处理功能 =========
开始写入地址: 0x80, 数据: 0x1
地址写通道握手成功!
数据写通道握手成功!
写入成功!
写入完成: 地址: 0x80, 数据: 0x1 成功
启动处理功能成功!
========= 测试 3: 等待处理完成 =========
========= 等待处理完成 =========
开始读取地址: 0x80
地址读通道握手成功!
读取成功: 数据 = 0x1
读取完成: 地址: 0x80, 数据: 0x1 成功
开始读取地址: 0x80
地址读通道握手成功!
读取成功: 数据 = 0x1
读取完成: 地址: 0x80, 数据: 0x1 成功
开始读取地址: 0x80
地址读通道握手成功!
读取成功: 数据 = 0x1
读取完成: 地址: 0x80, 数据: 0x1 成功
开始读取地址: 0x80
地址读通道握手成功!
读取成功: 数据 = 0x1
读取完成: 地址: 0x80, 数据: 0x1 成功
开始读取地址: 0x80
地址读通道握手成功!
读取成功: 数据 = 0x1
读取完成: 地址: 0x80, 数据: 0x1 成功
开始读取地址: 0x80
地址读通道握手成功!
读取成功: 数据 = 0x1
读取完成: 地址: 0x80, 数据: 0x1 成功
开始读取地址: 0x80
地址读通道握手成功!
读取成功: 数据 = 0x1
读取完成: 地址: 0x80, 数据: 0x1 成功
开始读取地址: 0x80
地址读通道握手成功!
读取成功: 数据 = 0x1
读取完成: 地址: 0x80, 数据: 0x1 成功
开始读取地址: 0x80
地址读通道握手成功!
读取成功: 数据 = 0x1
读取完成: 地址: 0x80, 数据: 0x1 成功
开始读取地址: 0x80
地址读通道握手成功!
读取成功: 数据 = 0x1
读取完成: 地址: 0x80, 数据: 0x1 成功
开始读取地址: 0x80
地址读通道握手成功!
读取成功: 数据 = 0x1
读取完成: 地址: 0x80, 数据: 0x1 成功
开始读取地址: 0x80
地址读通道握手成功!
读取成功: 数据 = 0x1
读取完成: 地址: 0x80, 数据: 0x1 成功
开始读取地址: 0x80
地址读通道握手成功!
读取成功: 数据 = 0x1
读取完成: 地址: 0x80, 数据: 0x1 成功
开始读取地址: 0x80
地址读通道握手成功!
读取成功: 数据 = 0x1
读取完成: 地址: 0x80, 数据: 0x1 成功
开始读取地址: 0x80
地址读通道握手成功!
读取成功: 数据 = 0x1
读取完成: 地址: 0x80, 数据: 0x1 成功
开始读取地址: 0x80
地址读通道握手成功!
读取成功: 数据 = 0x1
读取完成: 地址: 0x80, 数据: 0x1 成功
开始读取地址: 0x80
地址读通道握手成功!
读取成功: 数据 = 0x1
读取完成: 地址: 0x80, 数据: 0x1 成功
开始读取地址: 0x80
地址读通道握手成功!
读取成功: 数据 = 0x1
读取完成: 地址: 0x80, 数据: 0x1 成功
开始读取地址: 0x80
地址读通道握手成功!
读取成功: 数据 = 0x1
读取完成: 地址: 0x80, 数据: 0x1 成功
开始读取地址: 0x80
地址读通道握手成功!
读取成功: 数据 = 0x1
读取完成: 地址: 0x80, 数据: 0x1 成功
开始读取地址: 0x80
地址读通道握手成功!
读取成功: 数据 = 0x1
读取完成: 地址: 0x80, 数据: 0x1 成功
开始读取地址: 0x80
地址读通道握手成功!
读取成功: 数据 = 0x1
读取完成: 地址: 0x80, 数据: 0x1 成功
开始读取地址: 0x80
地址读通道握手成功!
读取成功: 数据 = 0x1
读取完成: 地址: 0x80, 数据: 0x1 成功
开始读取地址: 0x80
地址读通道握手成功!
读取成功: 数据 = 0x1
读取完成: 地址: 0x80, 数据: 0x1 成功
开始读取地址: 0x80
地址读通道握手成功!
读取成功: 数据 = 0x1
读取完成: 地址: 0x80, 数据: 0x1 成功
开始读取地址: 0x80
地址读通道握手成功!
读取成功: 数据 = 0x1
读取完成: 地址: 0x80, 数据: 0x1 成功
开始读取地址: 0x80
地址读通道握手成功!
读取成功: 数据 = 0x1
读取完成: 地址: 0x80, 数据: 0x1 成功
开始读取地址: 0x80
地址读通道握手成功!
读取成功: 数据 = 0x1
读取完成: 地址: 0x80, 数据: 0x1 成功
开始读取地址: 0x80
地址读通道握手成功!
读取成功: 数据 = 0x1
读取完成: 地址: 0x80, 数据: 0x1 成功
开始读取地址: 0x80
地址读通道握手成功!
读取成功: 数据 = 0x1
读取完成: 地址: 0x80, 数据: 0x1 成功
开始读取地址: 0x80
地址读通道握手成功!
读取成功: 数据 = 0x1
读取完成: 地址: 0x80, 数据: 0x1 成功
开始读取地址: 0x80
地址读通道握手成功!
读取成功: 数据 = 0x1
读取完成: 地址: 0x80, 数据: 0x1 成功
开始读取地址: 0x80
地址读通道握手成功!
读取成功: 数据 = 0x1
读取完成: 地址: 0x80, 数据: 0x1 成功
开始读取地址: 0x80
地址读通道握手成功!
读取成功: 数据 = 0x1
读取完成: 地址: 0x80, 数据: 0x1 成功
开始读取地址: 0x80
地址读通道握手成功!
读取成功: 数据 = 0x1
读取完成: 地址: 0x80, 数据: 0x1 成功
开始读取地址: 0x80
地址读通道握手成功!
读取成功: 数据 = 0x1
读取完成: 地址: 0x80, 数据: 0x1 成功
开始读取地址: 0x80
地址读通道握手成功!
读取成功: 数据 = 0x1
读取完成: 地址: 0x80, 数据: 0x1 成功
开始读取地址: 0x80
地址读通道握手成功!
读取成功: 数据 = 0x1
读取完成: 地址: 0x80, 数据: 0x1 成功
开始读取地址: 0x80
地址读通道握手成功!
读取成功: 数据 = 0x1
读取完成: 地址: 0x80, 数据: 0x1 成功
开始读取地址: 0x80
地址读通道握手成功!
读取成功: 数据 = 0x1
读取完成: 地址: 0x80, 数据: 0x1 成功
开始读取地址: 0x80
地址读通道握手成功!
读取成功: 数据 = 0x1
读取完成: 地址: 0x80, 数据: 0x1 成功
开始读取地址: 0x80
地址读通道握手成功!
读取成功: 数据 = 0x1
读取完成: 地址: 0x80, 数据: 0x1 成功
开始读取地址: 0x80
地址读通道握手成功!
读取成功: 数据 = 0x1
读取完成: 地址: 0x80, 数据: 0x1 成功
开始读取地址: 0x80
地址读通道握手成功!
读取成功: 数据 = 0x1
读取完成: 地址: 0x80, 数据: 0x1 成功
开始读取地址: 0x80
地址读通道握手成功!
读取成功: 数据 = 0x1
读取完成: 地址: 0x80, 数据: 0x1 成功
开始读取地址: 0x80
地址读通道握手成功!
读取成功: 数据 = 0x1
读取完成: 地址: 0x80, 数据: 0x1 成功
开始读取地址: 0x80
地址读通道握手成功!
读取成功: 数据 = 0x1
读取完成: 地址: 0x80, 数据: 0x1 成功
开始读取地址: 0x80
地址读通道握手成功!
读取成功: 数据 = 0x1
读取完成: 地址: 0x80, 数据: 0x1 成功
开始读取地址: 0x80
地址读通道握手成功!
读取成功: 数据 = 0x1
读取完成: 地址: 0x80, 数据: 0x1 成功
开始读取地址: 0x80
地址读通道握手成功!
读取成功: 数据 = 0x1
读取完成: 地址: 0x80, 数据: 0x1 成功
开始读取地址: 0x80
地址读通道握手成功!
读取成功: 数据 = 0x1
读取完成: 地址: 0x80, 数据: 0x1 成功
开始读取地址: 0x80
地址读通道握手成功!
读取成功: 数据 = 0x1
读取完成: 地址: 0x80, 数据: 0x1 成功
开始读取地址: 0x80
地址读通道握手成功!
读取成功: 数据 = 0x1
读取完成: 地址: 0x80, 数据: 0x1 成功
开始读取地址: 0x80
地址读通道握手成功!
读取成功: 数据 = 0x1
读取完成: 地址: 0x80, 数据: 0x1 成功
开始读取地址: 0x80
地址读通道握手成功!
读取成功: 数据 = 0x1
读取完成: 地址: 0x80, 数据: 0x1 成功
开始读取地址: 0x80
地址读通道握手成功!
读取成功: 数据 = 0x1
读取完成: 地址: 0x80, 数据: 0x1 成功
开始读取地址: 0x80
地址读通道握手成功!
读取成功: 数据 = 0x1
读取完成: 地址: 0x80, 数据: 0x1 成功
开始读取地址: 0x80
地址读通道握手成功!
读取成功: 数据 = 0x1
读取完成: 地址: 0x80, 数据: 0x1 成功
开始读取地址: 0x80
地址读通道握手成功!
读取成功: 数据 = 0x1
读取完成: 地址: 0x80, 数据: 0x1 成功
开始读取地址: 0x80
地址读通道握手成功!
读取成功: 数据 = 0x1
读取完成: 地址: 0x80, 数据: 0x1 成功
开始读取地址: 0x80
地址读通道握手成功!
读取成功: 数据 = 0x1
读取完成: 地址: 0x80, 数据: 0x1 成功
开始读取地址: 0x80
地址读通道握手成功!
读取成功: 数据 = 0x1
读取完成: 地址: 0x80, 数据: 0x1 成功
开始读取地址: 0x80
地址读通道握手成功!
读取成功: 数据 = 0x1
读取完成: 地址: 0x80, 数据: 0x1 成功
开始读取地址: 0x80
地址读通道握手成功!
读取成功: 数据 = 0x1
读取完成: 地址: 0x80, 数据: 0x1 成功
开始读取地址: 0x80
地址读通道握手成功!
读取成功: 数据 = 0x1
读取完成: 地址: 0x80, 数据: 0x1 成功
开始读取地址: 0x80
地址读通道握手成功!
读取成功: 数据 = 0x1
读取完成: 地址: 0x80, 数据: 0x1 成功
开始读取地址: 0x80
地址读通道握手成功!
读取成功: 数据 = 0x1
读取完成: 地址: 0x80, 数据: 0x1 成功
开始读取地址: 0x80
地址读通道握手成功!
读取成功: 数据 = 0x1
读取完成: 地址: 0x80, 数据: 0x1 成功
开始读取地址: 0x80
地址读通道握手成功!
读取成功: 数据 = 0x1
读取完成: 地址: 0x80, 数据: 0x1 成功
开始读取地址: 0x80
地址读通道握手成功!
读取成功: 数据 = 0x1
读取完成: 地址: 0x80, 数据: 0x1 成功
开始读取地址: 0x80
地址读通道握手成功!
读取成功: 数据 = 0x1
读取完成: 地址: 0x80, 数据: 0x1 成功
开始读取地址: 0x80
地址读通道握手成功!
读取成功: 数据 = 0x1
读取完成: 地址: 0x80, 数据: 0x1 成功
开始读取地址: 0x80
地址读通道握手成功!
读取成功: 数据 = 0x1
读取完成: 地址: 0x80, 数据: 0x1 成功
开始读取地址: 0x80
地址读通道握手成功!
读取成功: 数据 = 0x1
读取完成: 地址: 0x80, 数据: 0x1 成功
开始读取地址: 0x80
地址读通道握手成功!
读取成功: 数据 = 0x1
读取完成: 地址: 0x80, 数据: 0x1 成功
开始读取地址: 0x80
地址读通道握手成功!
读取成功: 数据 = 0x1
读取完成: 地址: 0x80, 数据: 0x1 成功
开始读取地址: 0x80
地址读通道握手成功!
读取成功: 数据 = 0x1
读取完成: 地址: 0x80, 数据: 0x1 成功
开始读取地址: 0x80
地址读通道握手成功!
读取成功: 数据 = 0x1
读取完成: 地址: 0x80, 数据: 0x1 成功
开始读取地址: 0x80
地址读通道握手成功!
读取成功: 数据 = 0x1
读取完成: 地址: 0x80, 数据: 0x1 成功
开始读取地址: 0x80
地址读通道握手成功!
读取成功: 数据 = 0x1
读取完成: 地址: 0x80, 数据: 0x1 成功
开始读取地址: 0x80
地址读通道握手成功!
读取成功: 数据 = 0x1
读取完成: 地址: 0x80, 数据: 0x1 成功
开始读取地址: 0x80
地址读通道握手成功!
读取成功: 数据 = 0x1
读取完成: 地址: 0x80, 数据: 0x1 成功
开始读取地址: 0x80
地址读通道握手成功!
读取成功: 数据 = 0x1
读取完成: 地址: 0x80, 数据: 0x1 成功
开始读取地址: 0x80
地址读通道握手成功!
读取成功: 数据 = 0x1
读取完成: 地址: 0x80, 数据: 0x1 成功
开始读取地址: 0x80
地址读通道握手成功!
读取成功: 数据 = 0x1
读取完成: 地址: 0x80, 数据: 0x1 成功
开始读取地址: 0x80
地址读通道握手成功!
读取成功: 数据 = 0x1
读取完成: 地址: 0x80, 数据: 0x1 成功
开始读取地址: 0x80
地址读通道握手成功!
读取成功: 数据 = 0x1
读取完成: 地址: 0x80, 数据: 0x1 成功
开始读取地址: 0x80
地址读通道握手成功!
读取成功: 数据 = 0x1
读取完成: 地址: 0x80, 数据: 0x1 成功
开始读取地址: 0x80
地址读通道握手成功!
读取成功: 数据 = 0x1
读取完成: 地址: 0x80, 数据: 0x1 成功
开始读取地址: 0x80
地址读通道握手成功!
读取成功: 数据 = 0x1
读取完成: 地址: 0x80, 数据: 0x1 成功
开始读取地址: 0x80
地址读通道握手成功!
读取成功: 数据 = 0x1
读取完成: 地址: 0x80, 数据: 0x1 成功
开始读取地址: 0x80
地址读通道握手成功!
读取成功: 数据 = 0x1
读取完成: 地址: 0x80, 数据: 0x1 成功
开始读取地址: 0x80
地址读通道握手成功!
读取成功: 数据 = 0x1
读取完成: 地址: 0x80, 数据: 0x1 成功
开始读取地址: 0x80
地址读通道握手成功!
读取成功: 数据 = 0x1
读取完成: 地址: 0x80, 数据: 0x1 成功
开始读取地址: 0x80
地址读通道握手成功!
读取成功: 数据 = 0x1
读取完成: 地址: 0x80, 数据: 0x1 成功
开始读取地址: 0x80
地址读通道握手成功!
读取成功: 数据 = 0x1
读取完成: 地址: 0x80, 数据: 0x1 成功
开始读取地址: 0x80
地址读通道握手成功!
读取成功: 数据 = 0x1
读取完成: 地址: 0x80, 数据: 0x1 成功
开始读取地址: 0x80
地址读通道握手成功!
读取成功: 数据 = 0x1
读取完成: 地址: 0x80, 数据: 0x1 成功
开始读取地址: 0x80
地址读通道握手成功!
读取成功: 数据 = 0x1
读取完成: 地址: 0x80, 数据: 0x1 成功
开始读取地址: 0x80
地址读通道握手成功!
读取成功: 数据 = 0x1
读取完成: 地址: 0x80, 数据: 0x1 成功
开始读取地址: 0x80
地址读通道握手成功!
读取成功: 数据 = 0x1
读取完成: 地址: 0x80, 数据: 0x1 成功
开始读取地址: 0x80
地址读通道握手成功!
读取成功: 数据 = 0x1
读取完成: 地址: 0x80, 数据: 0x1 成功
开始读取地址: 0x80
地址读通道握手成功!
读取成功: 数据 = 0x1
读取完成: 地址: 0x80, 数据: 0x1 成功
开始读取地址: 0x80
地址读通道握手成功!
读取成功: 数据 = 0x1
读取完成: 地址: 0x80, 数据: 0x1 成功
开始读取地址: 0x80
地址读通道握手成功!
读取成功: 数据 = 0x1
读取完成: 地址: 0x80, 数据: 0x1 成功
开始读取地址: 0x80
地址读通道握手成功!
读取成功: 数据 = 0x1
读取完成: 地址: 0x80, 数据: 0x1 成功
开始读取地址: 0x80
地址读通道握手成功!
读取成功: 数据 = 0x1
读取完成: 地址: 0x80, 数据: 0x1 成功
开始读取地址: 0x80
地址读通道握手成功!
读取成功: 数据 = 0x1
读取完成: 地址: 0x80, 数据: 0x1 成功
开始读取地址: 0x80
地址读通道握手成功!
读取成功: 数据 = 0x1
读取完成: 地址: 0x80, 数据: 0x1 成功
开始读取地址: 0x80
地址读通道握手成功!
读取成功: 数据 = 0x1
读取完成: 地址: 0x80, 数据: 0x1 成功
开始读取地址: 0x80
地址读通道握手成功!
读取成功: 数据 = 0x1
读取完成: 地址: 0x80, 数据: 0x1 成功
开始读取地址: 0x80
地址读通道握手成功!
读取成功: 数据 = 0x1
读取完成: 地址: 0x80, 数据: 0x1 成功
开始读取地址: 0x80
地址读通道握手成功!
读取成功: 数据 = 0x1
读取完成: 地址: 0x80, 数据: 0x1 成功
开始读取地址: 0x80
地址读通道握手成功!
读取成功: 数据 = 0x1
读取完成: 地址: 0x80, 数据: 0x1 成功
开始读取地址: 0x80
地址读通道握手成功!
读取成功: 数据 = 0x1
读取完成: 地址: 0x80, 数据: 0x1 成功
开始读取地址: 0x80
地址读通道握手成功!
读取成功: 数据 = 0x1
读取完成: 地址: 0x80, 数据: 0x1 成功
开始读取地址: 0x80
地址读通道握手成功!
读取成功: 数据 = 0x1
读取完成: 地址: 0x80, 数据: 0x1 成功
开始读取地址: 0x80
地址读通道握手成功!
读取成功: 数据 = 0x1
读取完成: 地址: 0x80, 数据: 0x1 成功
开始读取地址: 0x80
地址读通道握手成功!
读取成功: 数据 = 0x1
读取完成: 地址: 0x80, 数据: 0x1 成功
开始读取地址: 0x80
地址读通道握手成功!
读取成功: 数据 = 0x1
读取完成: 地址: 0x80, 数据: 0x1 成功
开始读取地址: 0x80
地址读通道握手成功!
读取成功: 数据 = 0x1
读取完成: 地址: 0x80, 数据: 0x1 成功
开始读取地址: 0x80
地址读通道握手成功!
读取成功: 数据 = 0x1
读取完成: 地址: 0x80, 数据: 0x1 成功
开始读取地址: 0x80
地址读通道握手成功!
读取成功: 数据 = 0x1
读取完成: 地址: 0x80, 数据: 0x1 成功
开始读取地址: 0x80
地址读通道握手成功!
读取成功: 数据 = 0x1
读取完成: 地址: 0x80, 数据: 0x1 成功
开始读取地址: 0x80
地址读通道握手成功!
读取成功: 数据 = 0x1
读取完成: 地址: 0x80, 数据: 0x1 成功
开始读取地址: 0x80
地址读通道握手成功!
读取成功: 数据 = 0x1
读取完成: 地址: 0x80, 数据: 0x1 成功
开始读取地址: 0x80
地址读通道握手成功!
读取成功: 数据 = 0x1
读取完成: 地址: 0x80, 数据: 0x1 成功
开始读取地址: 0x80
地址读通道握手成功!
读取成功: 数据 = 0x1
读取完成: 地址: 0x80, 数据: 0x1 成功
开始读取地址: 0x80
地址读通道握手成功!
读取成功: 数据 = 0x1
读取完成: 地址: 0x80, 数据: 0x1 成功
开始读取地址: 0x80
地址读通道握手成功!
读取成功: 数据 = 0x1
读取完成: 地址: 0x80, 数据: 0x1 成功
开始读取地址: 0x80
地址读通道握手成功!
读取成功: 数据 = 0x1
读取完成: 地址: 0x80, 数据: 0x1 成功
开始读取地址: 0x80
地址读通道握手成功!
读取成功: 数据 = 0x1
读取完成: 地址: 0x80, 数据: 0x1 成功
开始读取地址: 0x80
地址读通道握手成功!
读取成功: 数据 = 0x1
读取完成: 地址: 0x80, 数据: 0x1 成功
开始读取地址: 0x80
地址读通道握手成功!
读取成功: 数据 = 0x1
读取完成: 地址: 0x80, 数据: 0x1 成功
开始读取地址: 0x80
地址读通道握手成功!
读取成功: 数据 = 0x1
读取完成: 地址: 0x80, 数据: 0x1 成功
开始读取地址: 0x80
地址读通道握手成功!
读取成功: 数据 = 0x1
读取完成: 地址: 0x80, 数据: 0x1 成功
开始读取地址: 0x80
地址读通道握手成功!
读取成功: 数据 = 0x1
读取完成: 地址: 0x80, 数据: 0x1 成功
开始读取地址: 0x80
地址读通道握手成功!
读取成功: 数据 = 0x1
读取完成: 地址: 0x80, 数据: 0x1 成功
开始读取地址: 0x80
地址读通道握手成功!
读取成功: 数据 = 0x1
读取完成: 地址: 0x80, 数据: 0x1 成功
开始读取地址: 0x80
地址读通道握手成功!
读取成功: 数据 = 0x1
读取完成: 地址: 0x80, 数据: 0x1 成功
开始读取地址: 0x80
地址读通道握手成功!
读取成功: 数据 = 0x1
读取完成: 地址: 0x80, 数据: 0x1 成功
开始读取地址: 0x80
地址读通道握手成功!
读取成功: 数据 = 0x1
读取完成: 地址: 0x80, 数据: 0x1 成功
开始读取地址: 0x80
地址读通道握手成功!
读取成功: 数据 = 0x1
读取完成: 地址: 0x80, 数据: 0x1 成功
开始读取地址: 0x80
地址读通道握手成功!
读取成功: 数据 = 0x1
读取完成: 地址: 0x80, 数据: 0x1 成功
开始读取地址: 0x80
地址读通道握手成功!
读取成功: 数据 = 0x1
读取完成: 地址: 0x80, 数据: 0x1 成功
开始读取地址: 0x80
地址读通道握手成功!
读取成功: 数据 = 0x1
读取完成: 地址: 0x80, 数据: 0x1 成功
开始读取地址: 0x80
地址读通道握手成功!
读取成功: 数据 = 0x1
读取完成: 地址: 0x80, 数据: 0x1 成功
开始读取地址: 0x80
地址读通道握手成功!
读取成功: 数据 = 0x1
读取完成: 地址: 0x80, 数据: 0x1 成功
开始读取地址: 0x80
地址读通道握手成功!
读取成功: 数据 = 0x1
读取完成: 地址: 0x80, 数据: 0x1 成功
开始读取地址: 0x80
地址读通道握手成功!
读取成功: 数据 = 0x1
读取完成: 地址: 0x80, 数据: 0x1 成功
开始读取地址: 0x80
地址读通道握手成功!
读取成功: 数据 = 0x1
读取完成: 地址: 0x80, 数据: 0x1 成功
开始读取地址: 0x80
地址读通道握手成功!
读取成功: 数据 = 0x1
读取完成: 地址: 0x80, 数据: 0x1 成功
开始读取地址: 0x80
地址读通道握手成功!
读取成功: 数据 = 0x1
读取完成: 地址: 0x80, 数据: 0x1 成功
开始读取地址: 0x80
地址读通道握手成功!
读取成功: 数据 = 0x1
读取完成: 地址: 0x80, 数据: 0x1 成功
开始读取地址: 0x80
地址读通道握手成功!
读取成功: 数据 = 0x1
读取完成: 地址: 0x80, 数据: 0x1 成功
开始读取地址: 0x80
地址读通道握手成功!
读取成功: 数据 = 0x1
读取完成: 地址: 0x80, 数据: 0x1 成功
开始读取地址: 0x80
地址读通道握手成功!
读取成功: 数据 = 0x1
读取完成: 地址: 0x80, 数据: 0x1 成功
开始读取地址: 0x80
地址读通道握手成功!
读取成功: 数据 = 0x1
读取完成: 地址: 0x80, 数据: 0x1 成功
开始读取地址: 0x80
地址读通道握手成功!
读取成功: 数据 = 0x1
读取完成: 地址: 0x80, 数据: 0x1 成功
开始读取地址: 0x80
地址读通道握手成功!
读取成功: 数据 = 0x1
读取完成: 地址: 0x80, 数据: 0x1 成功
开始读取地址: 0x80
地址读通道握手成功!
读取成功: 数据 = 0x1
读取完成: 地址: 0x80, 数据: 0x1 成功
开始读取地址: 0x80
地址读通道握手成功!
读取成功: 数据 = 0x1
读取完成: 地址: 0x80, 数据: 0x1 成功
开始读取地址: 0x80
地址读通道握手成功!
读取成功: 数据 = 0x1
读取完成: 地址: 0x80, 数据: 0x1 成功
开始读取地址: 0x80
地址读通道握手成功!
读取成功: 数据 = 0x1
读取完成: 地址: 0x80, 数据: 0x1 成功
开始读取地址: 0x80
地址读通道握手成功!
读取成功: 数据 = 0x1
读取完成: 地址: 0x80, 数据: 0x1 成功
开始读取地址: 0x80
地址读通道握手成功!
读取成功: 数据 = 0x1
读取完成: 地址: 0x80, 数据: 0x1 成功
开始读取地址: 0x80
地址读通道握手成功!
读取成功: 数据 = 0x1
读取完成: 地址: 0x80, 数据: 0x1 成功
开始读取地址: 0x80
地址读通道握手成功!
读取成功: 数据 = 0x1
读取完成: 地址: 0x80, 数据: 0x1 成功
开始读取地址: 0x80
地址读通道握手成功!
读取成功: 数据 = 0x1
读取完成: 地址: 0x80, 数据: 0x1 成功
开始读取地址: 0x80
地址读通道握手成功!
读取成功: 数据 = 0x1
读取完成: 地址: 0x80, 数据: 0x1 成功
开始读取地址: 0x80
地址读通道握手成功!
读取成功: 数据 = 0x1
读取完成: 地址: 0x80, 数据: 0x1 成功
开始读取地址: 0x80
地址读通道握手成功!
读取成功: 数据 = 0x1
读取完成: 地址: 0x80, 数据: 0x1 成功
开始读取地址: 0x80
地址读通道握手成功!
读取成功: 数据 = 0x1
读取完成: 地址: 0x80, 数据: 0x1 成功
开始读取地址: 0x80
地址读通道握手成功!
读取成功: 数据 = 0x1
读取完成: 地址: 0x80, 数据: 0x1 成功
开始读取地址: 0x80
地址读通道握手成功!
读取成功: 数据 = 0x1
读取完成: 地址: 0x80, 数据: 0x1 成功
开始读取地址: 0x80
地址读通道握手成功!
读取成功: 数据 = 0x1
读取完成: 地址: 0x80, 数据: 0x1 成功
开始读取地址: 0x80
地址读通道握手成功!
读取成功: 数据 = 0x1
读取完成: 地址: 0x80, 数据: 0x1 成功
开始读取地址: 0x80
地址读通道握手成功!
读取成功: 数据 = 0x1
读取完成: 地址: 0x80, 数据: 0x1 成功
开始读取地址: 0x80
地址读通道握手成功!
读取成功: 数据 = 0x1
读取完成: 地址: 0x80, 数据: 0x1 成功
开始读取地址: 0x80
地址读通道握手成功!
读取成功: 数据 = 0x1
读取完成: 地址: 0x80, 数据: 0x1 成功
开始读取地址: 0x80
地址读通道握手成功!
读取成功: 数据 = 0x1
读取完成: 地址: 0x80, 数据: 0x1 成功
开始读取地址: 0x80
地址读通道握手成功!
读取成功: 数据 = 0x1
读取完成: 地址: 0x80, 数据: 0x1 成功
开始读取地址: 0x80
地址读通道握手成功!
读取成功: 数据 = 0x1
读取完成: 地址: 0x80, 数据: 0x1 成功
开始读取地址: 0x80
地址读通道握手成功!
读取成功: 数据 = 0x1
读取完成: 地址: 0x80, 数据: 0x1 成功
开始读取地址: 0x80
地址读通道握手成功!
读取成功: 数据 = 0x1
读取完成: 地址: 0x80, 数据: 0x1 成功
开始读取地址: 0x80
地址读通道握手成功!
读取成功: 数据 = 0x1
读取完成: 地址: 0x80, 数据: 0x1 成功
开始读取地址: 0x80
地址读通道握手成功!
读取成功: 数据 = 0x1
读取完成: 地址: 0x80, 数据: 0x1 成功
开始读取地址: 0x80
地址读通道握手成功!
读取成功: 数据 = 0x1
读取完成: 地址: 0x80, 数据: 0x1 成功
开始读取地址: 0x80
地址读通道握手成功!
读取成功: 数据 = 0x1
读取完成: 地址: 0x80, 数据: 0x1 成功
开始读取地址: 0x80
地址读通道握手成功!
读取成功: 数据 = 0x1
读取完成: 地址: 0x80, 数据: 0x1 成功
开始读取地址: 0x80
地址读通道握手成功!
读取成功: 数据 = 0x1
读取完成: 地址: 0x80, 数据: 0x1 成功
开始读取地址: 0x80
地址读通道握手成功!
读取成功: 数据 = 0x1
读取完成: 地址: 0x80, 数据: 0x1 成功
开始读取地址: 0x80
地址读通道握手成功!
读取成功: 数据 = 0x1
读取完成: 地址: 0x80, 数据: 0x1 成功
开始读取地址: 0x80
地址读通道握手成功!
读取成功: 数据 = 0x1
读取完成: 地址: 0x80, 数据: 0x1 成功
开始读取地址: 0x80
地址读通道握手成功!
读取成功: 数据 = 0x1
读取完成: 地址: 0x80, 数据: 0x1 成功
开始读取地址: 0x80
地址读通道握手成功!
读取成功: 数据 = 0x1
读取完成: 地址: 0x80, 数据: 0x1 成功
开始读取地址: 0x80
地址读通道握手成功!
读取成功: 数据 = 0x1
读取完成: 地址: 0x80, 数据: 0x1 成功
开始读取地址: 0x80
地址读通道握手成功!
读取成功: 数据 = 0x1
读取完成: 地址: 0x80, 数据: 0x1 成功
开始读取地址: 0x80
地址读通道握手成功!
读取成功: 数据 = 0x1
读取完成: 地址: 0x80, 数据: 0x1 成功
开始读取地址: 0x80
地址读通道握手成功!
读取成功: 数据 = 0x1
读取完成: 地址: 0x80, 数据: 0x1 成功
等待处理完成超时!
等待处理完成失败, 测试继续!
========= 测试 4: 验证处理结果 =========
开始读取地址: 0x0
地址读通道握手成功!
读取成功: 数据 = 0x12345678
读取完成: 地址: 0x0, 数据: 0x12345678 成功
开始读取地址: 0x40
地址读通道握手成功!
读取成功: 数据 = 0xedcba987
读取完成: 地址: 0x40, 数据: 0xedcba987 成功
验证成功: 原始数据=0x12345678, 处理后数据=0xedcba987, 期望数据=0xedcba987
开始读取地址: 0x4
地址读通道握手成功!
读取成功: 数据 = 0x1234567c
读取完成: 地址: 0x4, 数据: 0x1234567c 成功
开始读取地址: 0x44
地址读通道握手成功!
读取成功: 数据 = 0xffffffff
读取完成: 地址: 0x44, 数据: 0xffffffff 成功
验证失败: 原始数据=0x1234567c, 处理后数据=0xffffffff, 期望数据=0xedcba983
开始读取地址: 0x8
地址读通道握手成功!
读取成功: 数据 = 0x12345680
读取完成: 地址: 0x8, 数据: 0x12345680 成功
开始读取地址: 0x48
地址读通道握手成功!
读取成功: 数据 = 0xffffffff
读取完成: 地址: 0x48, 数据: 0xffffffff 成功
验证失败: 原始数据=0x12345680, 处理后数据=0xffffffff, 期望数据=0xedcba97f
开始读取地址: 0xc
地址读通道握手成功!
读取成功: 数据 = 0x12345684
读取完成: 地址: 0xc, 数据: 0x12345684 成功
开始读取地址: 0x4c
地址读通道握手成功!
读取成功: 数据 = 0xffffffff
读取完成: 地址: 0x4c, 数据: 0xffffffff 成功
验证失败: 原始数据=0x12345684, 处理后数据=0xffffffff, 期望数据=0xedcba97b
开始读取地址: 0x10
地址读通道握手成功!
读取成功: 数据 = 0x12345688
读取完成: 地址: 0x10, 数据: 0x12345688 成功
开始读取地址: 0x50
地址读通道握手成功!
读取成功: 数据 = 0xffffffff
读取完成: 地址: 0x50, 数据: 0xffffffff 成功
验证失败: 原始数据=0x12345688, 处理后数据=0xffffffff, 期望数据=0xedcba977
开始读取地址: 0x14
地址读通道握手成功!
读取成功: 数据 = 0x1234568c
读取完成: 地址: 0x14, 数据: 0x1234568c 成功
开始读取地址: 0x54
地址读通道握手成功!
读取成功: 数据 = 0xffffffff
读取完成: 地址: 0x54, 数据: 0xffffffff 成功
验证失败: 原始数据=0x1234568c, 处理后数据=0xffffffff, 期望数据=0xedcba973
开始读取地址: 0x18
地址读通道握手成功!
读取成功: 数据 = 0x12345690
读取完成: 地址: 0x18, 数据: 0x12345690 成功
开始读取地址: 0x58
地址读通道握手成功!
读取成功: 数据 = 0xffffffff
读取完成: 地址: 0x58, 数据: 0xffffffff 成功
验证失败: 原始数据=0x12345690, 处理后数据=0xffffffff, 期望数据=0xedcba96f
开始读取地址: 0x1c
地址读通道握手成功!
读取成功: 数据 = 0x12345694
读取完成: 地址: 0x1c, 数据: 0x12345694 成功
开始读取地址: 0x5c
地址读通道握手成功!
读取成功: 数据 = 0xffffffff
读取完成: 地址: 0x5c, 数据: 0xffffffff 成功
验证失败: 原始数据=0x12345694, 处理后数据=0xffffffff, 期望数据=0xedcba96b
开始读取地址: 0x20
地址读通道握手成功!
读取成功: 数据 = 0x12345698
读取完成: 地址: 0x20, 数据: 0x12345698 成功
开始读取地址: 0x60
地址读通道握手成功!
读取成功: 数据 = 0xffffffff
读取完成: 地址: 0x60, 数据: 0xffffffff 成功
验证失败: 原始数据=0x12345698, 处理后数据=0xffffffff, 期望数据=0xedcba967
开始读取地址: 0x24
地址读通道握手成功!
读取成功: 数据 = 0x1234569c
读取完成: 地址: 0x24, 数据: 0x1234569c 成功
开始读取地址: 0x64
地址读通道握手成功!
读取成功: 数据 = 0xffffffff
读取完成: 地址: 0x64, 数据: 0xffffffff 成功
验证失败: 原始数据=0x1234569c, 处理后数据=0xffffffff, 期望数据=0xedcba963
开始读取地址: 0x28
地址读通道握手成功!
读取成功: 数据 = 0x123456a0
读取完成: 地址: 0x28, 数据: 0x123456a0 成功
开始读取地址: 0x68
地址读通道握手成功!
读取成功: 数据 = 0xffffffff
读取完成: 地址: 0x68, 数据: 0xffffffff 成功
验证失败: 原始数据=0x123456a0, 处理后数据=0xffffffff, 期望数据=0xedcba95f
开始读取地址: 0x2c
地址读通道握手成功!
读取成功: 数据 = 0x123456a4
读取完成: 地址: 0x2c, 数据: 0x123456a4 成功
开始读取地址: 0x6c
地址读通道握手成功!
读取成功: 数据 = 0xffffffff
读取完成: 地址: 0x6c, 数据: 0xffffffff 成功
验证失败: 原始数据=0x123456a4, 处理后数据=0xffffffff, 期望数据=0xedcba95b
开始读取地址: 0x30
地址读通道握手成功!
读取成功: 数据 = 0x123456a8
读取完成: 地址: 0x30, 数据: 0x123456a8 成功
开始读取地址: 0x70
地址读通道握手成功!
读取成功: 数据 = 0xffffffff
读取完成: 地址: 0x70, 数据: 0xffffffff 成功
验证失败: 原始数据=0x123456a8, 处理后数据=0xffffffff, 期望数据=0xedcba957
开始读取地址: 0x34
地址读通道握手成功!
读取成功: 数据 = 0x123456ac
读取完成: 地址: 0x34, 数据: 0x123456ac 成功
开始读取地址: 0x74
地址读通道握手成功!
读取成功: 数据 = 0xffffffff
读取完成: 地址: 0x74, 数据: 0xffffffff 成功
验证失败: 原始数据=0x123456ac, 处理后数据=0xffffffff, 期望数据=0xedcba953
开始读取地址: 0x38
地址读通道握手成功!
读取成功: 数据 = 0x123456b0
读取完成: 地址: 0x38, 数据: 0x123456b0 成功
开始读取地址: 0x78
地址读通道握手成功!
读取成功: 数据 = 0xffffffff
读取完成: 地址: 0x78, 数据: 0xffffffff 成功
验证失败: 原始数据=0x123456b0, 处理后数据=0xffffffff, 期望数据=0xedcba94f
开始读取地址: 0x3c
地址读通道握手成功!
读取成功: 数据 = 0x123456b4
读取完成: 地址: 0x3c, 数据: 0x123456b4 成功
开始读取地址: 0x7c
地址读通道握手成功!
读取成功: 数据 = 0xffffffff
读取完成: 地址: 0x7c, 数据: 0xffffffff 成功
验证失败: 原始数据=0x123456b4, 处理后数据=0xffffffff, 期望数据=0xedcba94b
部分数据验证失败!
========= 测试 5: 停止处理功能 =========
========= 停止处理功能 =========
开始写入地址: 0x80, 数据: 0x0
地址写通道握手成功!
数据写通道握手成功!
写入成功!
写入完成: 地址: 0x80, 数据: 0x0 成功
停止处理功能成功!
========= 测试 6: 再次启动处理功能 =========
开始写入地址: 0x0, 数据: 0xdeadbeef
地址写通道握手成功!
数据写通道握手成功!
写入成功!
写入完成: 地址: 0x0, 数据: 0xdeadbeef 成功
开始写入地址: 0x8, 数据: 0xdeadbeef
地址写通道握手成功!
数据写通道握手成功!
写入成功!
写入完成: 地址: 0x8, 数据: 0xdeadbeef 成功
开始写入地址: 0x10, 数据: 0xdeadbeef
地址写通道握手成功!
数据写通道握手成功!
写入成功!
写入完成: 地址: 0x10, 数据: 0xdeadbeef 成功
开始写入地址: 0x18, 数据: 0xdeadbeef
地址写通道握手成功!
数据写通道握手成功!
写入成功!
写入完成: 地址: 0x18, 数据: 0xdeadbeef 成功
开始写入地址: 0x20, 数据: 0xdeadbeef
地址写通道握手成功!
数据写通道握手成功!
写入成功!
写入完成: 地址: 0x20, 数据: 0xdeadbeef 成功
开始写入地址: 0x28, 数据: 0xdeadbeef
地址写通道握手成功!
数据写通道握手成功!
写入成功!
写入完成: 地址: 0x28, 数据: 0xdeadbeef 成功
开始写入地址: 0x30, 数据: 0xdeadbeef
地址写通道握手成功!
数据写通道握手成功!
写入成功!
写入完成: 地址: 0x30, 数据: 0xdeadbeef 成功
开始写入地址: 0x38, 数据: 0xdeadbeef
地址写通道握手成功!
数据写通道握手成功!
写入成功!
写入完成: 地址: 0x38, 数据: 0xdeadbeef 成功
========= 启动处理功能 =========
开始写入地址: 0x80, 数据: 0x1
地址写通道握手成功!
数据写通道握手成功!
写入成功!
写入完成: 地址: 0x80, 数据: 0x1 成功
启动处理功能成功!
========= 等待处理完成 =========
开始读取地址: 0x80
地址读通道握手成功!
读取成功: 数据 = 0x1
读取完成: 地址: 0x80, 数据: 0x1 成功
开始读取地址: 0x80
地址读通道握手成功!
读取成功: 数据 = 0x1
读取完成: 地址: 0x80, 数据: 0x1 成功
开始读取地址: 0x80
地址读通道握手成功!
读取成功: 数据 = 0x1
读取完成: 地址: 0x80, 数据: 0x1 成功
开始读取地址: 0x80
地址读通道握手成功!
读取成功: 数据 = 0x1
读取完成: 地址: 0x80, 数据: 0x1 成功
开始读取地址: 0x80
地址读通道握手成功!
读取成功: 数据 = 0x1
读取完成: 地址: 0x80, 数据: 0x1 成功
开始读取地址: 0x80
地址读通道握手成功!
读取成功: 数据 = 0x1
读取完成: 地址: 0x80, 数据: 0x1 成功
开始读取地址: 0x80
地址读通道握手成功!
读取成功: 数据 = 0x1
读取完成: 地址: 0x80, 数据: 0x1 成功
开始读取地址: 0x80
地址读通道握手成功!
读取成功: 数据 = 0x1
读取完成: 地址: 0x80, 数据: 0x1 成功
开始读取地址: 0x80
地址读通道握手成功!
读取成功: 数据 = 0x1
读取完成: 地址: 0x80, 数据: 0x1 成功
开始读取地址: 0x80
地址读通道握手成功!
读取成功: 数据 = 0x1
读取完成: 地址: 0x80, 数据: 0x1 成功
开始读取地址: 0x80
地址读通道握手成功!
读取成功: 数据 = 0x1
读取完成: 地址: 0x80, 数据: 0x1 成功
开始读取地址: 0x80
地址读通道握手成功!
读取成功: 数据 = 0x1
读取完成: 地址: 0x80, 数据: 0x1 成功
开始读取地址: 0x80
地址读通道握手成功!
读取成功: 数据 = 0x1
读取完成: 地址: 0x80, 数据: 0x1 成功
开始读取地址: 0x80
地址读通道握手成功!
读取成功: 数据 = 0x1
读取完成: 地址: 0x80, 数据: 0x1 成功
开始读取地址: 0x80
地址读通道握手成功!
读取成功: 数据 = 0x1
读取完成: 地址: 0x80, 数据: 0x1 成功
开始读取地址: 0x80
地址读通道握手成功!
读取成功: 数据 = 0x1
读取完成: 地址: 0x80, 数据: 0x1 成功
开始读取地址: 0x80
地址读通道握手成功!
读取成功: 数据 = 0x1
读取完成: 地址: 0x80, 数据: 0x1 成功
开始读取地址: 0x80
地址读通道握手成功!
读取成功: 数据 = 0x1
读取完成: 地址: 0x80, 数据: 0x1 成功
开始读取地址: 0x80
地址读通道握手成功!
读取成功: 数据 = 0x1
读取完成: 地址: 0x80, 数据: 0x1 成功
开始读取地址: 0x80
地址读通道握手成功!
读取成功: 数据 = 0x1
读取完成: 地址: 0x80, 数据: 0x1 成功
开始读取地址: 0x80
地址读通道握手成功!
读取成功: 数据 = 0x1
读取完成: 地址: 0x80, 数据: 0x1 成功
开始读取地址: 0x80
地址读通道握手成功!
读取成功: 数据 = 0x1
读取完成: 地址: 0x80, 数据: 0x1 成功
开始读取地址: 0x80
地址读通道握手成功!
读取成功: 数据 = 0x1
读取完成: 地址: 0x80, 数据: 0x1 成功
开始读取地址: 0x80
地址读通道握手成功!
读取成功: 数据 = 0x1
读取完成: 地址: 0x80, 数据: 0x1 成功
开始读取地址: 0x80
地址读通道握手成功!
读取成功: 数据 = 0x1
读取完成: 地址: 0x80, 数据: 0x1 成功
开始读取地址: 0x80
地址读通道握手成功!
读取成功: 数据 = 0x1
读取完成: 地址: 0x80, 数据: 0x1 成功
开始读取地址: 0x80
地址读通道握手成功!
读取成功: 数据 = 0x1
读取完成: 地址: 0x80, 数据: 0x1 成功
开始读取地址: 0x80
地址读通道握手成功!
读取成功: 数据 = 0x1
读取完成: 地址: 0x80, 数据: 0x1 成功
开始读取地址: 0x80
地址读通道握手成功!
读取成功: 数据 = 0x1
读取完成: 地址: 0x80, 数据: 0x1 成功
开始读取地址: 0x80
地址读通道握手成功!
读取成功: 数据 = 0x1
读取完成: 地址: 0x80, 数据: 0x1 成功
开始读取地址: 0x80
地址读通道握手成功!
读取成功: 数据 = 0x1
读取完成: 地址: 0x80, 数据: 0x1 成功
开始读取地址: 0x80
地址读通道握手成功!
读取成功: 数据 = 0x1
读取完成: 地址: 0x80, 数据: 0x1 成功
开始读取地址: 0x80
地址读通道握手成功!
读取成功: 数据 = 0x1
读取完成: 地址: 0x80, 数据: 0x1 成功
开始读取地址: 0x80
地址读通道握手成功!
读取成功: 数据 = 0x1
读取完成: 地址: 0x80, 数据: 0x1 成功
开始读取地址: 0x80
地址读通道握手成功!
读取成功: 数据 = 0x1
读取完成: 地址: 0x80, 数据: 0x1 成功
开始读取地址: 0x80
地址读通道握手成功!
读取成功: 数据 = 0x1
读取完成: 地址: 0x80, 数据: 0x1 成功
开始读取地址: 0x80
地址读通道握手成功!
读取成功: 数据 = 0x1
读取完成: 地址: 0x80, 数据: 0x1 成功
开始读取地址: 0x80
地址读通道握手成功!
读取成功: 数据 = 0x1
读取完成: 地址: 0x80, 数据: 0x1 成功
开始读取地址: 0x80
地址读通道握手成功!
读取成功: 数据 = 0x1
读取完成: 地址: 0x80, 数据: 0x1 成功
开始读取地址: 0x80
地址读通道握手成功!
读取成功: 数据 = 0x1
读取完成: 地址: 0x80, 数据: 0x1 成功
开始读取地址: 0x80
地址读通道握手成功!
读取成功: 数据 = 0x1
读取完成: 地址: 0x80, 数据: 0x1 成功
开始读取地址: 0x80
地址读通道握手成功!
读取成功: 数据 = 0x1
读取完成: 地址: 0x80, 数据: 0x1 成功
开始读取地址: 0x80
地址读通道握手成功!
读取成功: 数据 = 0x1
读取完成: 地址: 0x80, 数据: 0x1 成功
开始读取地址: 0x80
地址读通道握手成功!
读取成功: 数据 = 0x1
读取完成: 地址: 0x80, 数据: 0x1 成功
开始读取地址: 0x80
地址读通道握手成功!
读取成功: 数据 = 0x1
读取完成: 地址: 0x80, 数据: 0x1 成功
开始读取地址: 0x80
地址读通道握手成功!
读取成功: 数据 = 0x1
读取完成: 地址: 0x80, 数据: 0x1 成功
开始读取地址: 0x80
地址读通道握手成功!
读取成功: 数据 = 0x1
读取完成: 地址: 0x80, 数据: 0x1 成功
开始读取地址: 0x80
地址读通道握手成功!
读取成功: 数据 = 0x1
读取完成: 地址: 0x80, 数据: 0x1 成功
开始读取地址: 0x80
地址读通道握手成功!
读取成功: 数据 = 0x1
读取完成: 地址: 0x80, 数据: 0x1 成功
开始读取地址: 0x80
地址读通道握手成功!
读取成功: 数据 = 0x1
读取完成: 地址: 0x80, 数据: 0x1 成功
开始读取地址: 0x80
地址读通道握手成功!
读取成功: 数据 = 0x1
读取完成: 地址: 0x80, 数据: 0x1 成功
开始读取地址: 0x80
地址读通道握手成功!
读取成功: 数据 = 0x1
读取完成: 地址: 0x80, 数据: 0x1 成功
开始读取地址: 0x80
地址读通道握手成功!
读取成功: 数据 = 0x1
读取完成: 地址: 0x80, 数据: 0x1 成功
开始读取地址: 0x80
地址读通道握手成功!
读取成功: 数据 = 0x1
读取完成: 地址: 0x80, 数据: 0x1 成功
开始读取地址: 0x80
地址读通道握手成功!
读取成功: 数据 = 0x1
读取完成: 地址: 0x80, 数据: 0x1 成功
开始读取地址: 0x80
地址读通道握手成功!
读取成功: 数据 = 0x1
读取完成: 地址: 0x80, 数据: 0x1 成功
开始读取地址: 0x80
地址读通道握手成功!
读取成功: 数据 = 0x1
读取完成: 地址: 0x80, 数据: 0x1 成功
开始读取地址: 0x80
地址读通道握手成功!
读取成功: 数据 = 0x1
读取完成: 地址: 0x80, 数据: 0x1 成功
开始读取地址: 0x80
地址读通道握手成功!
读取成功: 数据 = 0x1
读取完成: 地址: 0x80, 数据: 0x1 成功
开始读取地址: 0x80
地址读通道握手成功!
读取成功: 数据 = 0x1
读取完成: 地址: 0x80, 数据: 0x1 成功
开始读取地址: 0x80
地址读通道握手成功!
读取成功: 数据 = 0x1
读取完成: 地址: 0x80, 数据: 0x1 成功
开始读取地址: 0x80
地址读通道握手成功!
读取成功: 数据 = 0x1
读取完成: 地址: 0x80, 数据: 0x1 成功
开始读取地址: 0x80
地址读通道握手成功!
读取成功: 数据 = 0x1
读取完成: 地址: 0x80, 数据: 0x1 成功
开始读取地址: 0x80
地址读通道握手成功!
读取成功: 数据 = 0x1
读取完成: 地址: 0x80, 数据: 0x1 成功
开始读取地址: 0x80
地址读通道握手成功!
读取成功: 数据 = 0x1
读取完成: 地址: 0x80, 数据: 0x1 成功
开始读取地址: 0x80
地址读通道握手成功!
读取成功: 数据 = 0x1
读取完成: 地址: 0x80, 数据: 0x1 成功
开始读取地址: 0x80
地址读通道握手成功!
读取成功: 数据 = 0x1
读取完成: 地址: 0x80, 数据: 0x1 成功
开始读取地址: 0x80
地址读通道握手成功!
读取成功: 数据 = 0x1
读取完成: 地址: 0x80, 数据: 0x1 成功
开始读取地址: 0x80
地址读通道握手成功!
读取成功: 数据 = 0x1
读取完成: 地址: 0x80, 数据: 0x1 成功
开始读取地址: 0x80
地址读通道握手成功!
读取成功: 数据 = 0x1
读取完成: 地址: 0x80, 数据: 0x1 成功
开始读取地址: 0x80
地址读通道握手成功!
读取成功: 数据 = 0x1
读取完成: 地址: 0x80, 数据: 0x1 成功
开始读取地址: 0x80
地址读通道握手成功!
读取成功: 数据 = 0x1
读取完成: 地址: 0x80, 数据: 0x1 成功
开始读取地址: 0x80
地址读通道握手成功!
读取成功: 数据 = 0x1
读取完成: 地址: 0x80, 数据: 0x1 成功
开始读取地址: 0x80
地址读通道握手成功!
读取成功: 数据 = 0x1
读取完成: 地址: 0x80, 数据: 0x1 成功
开始读取地址: 0x80
地址读通道握手成功!
读取成功: 数据 = 0x1
读取完成: 地址: 0x80, 数据: 0x1 成功
开始读取地址: 0x80
地址读通道握手成功!
读取成功: 数据 = 0x1
读取完成: 地址: 0x80, 数据: 0x1 成功
开始读取地址: 0x80
地址读通道握手成功!
读取成功: 数据 = 0x1
读取完成: 地址: 0x80, 数据: 0x1 成功
开始读取地址: 0x80
地址读通道握手成功!
读取成功: 数据 = 0x1
读取完成: 地址: 0x80, 数据: 0x1 成功
开始读取地址: 0x80
地址读通道握手成功!
读取成功: 数据 = 0x1
读取完成: 地址: 0x80, 数据: 0x1 成功
开始读取地址: 0x80
地址读通道握手成功!
读取成功: 数据 = 0x1
读取完成: 地址: 0x80, 数据: 0x1 成功
开始读取地址: 0x80
地址读通道握手成功!
读取成功: 数据 = 0x1
读取完成: 地址: 0x80, 数据: 0x1 成功
开始读取地址: 0x80
地址读通道握手成功!
读取成功: 数据 = 0x1
读取完成: 地址: 0x80, 数据: 0x1 成功
开始读取地址: 0x80
地址读通道握手成功!
读取成功: 数据 = 0x1
读取完成: 地址: 0x80, 数据: 0x1 成功
开始读取地址: 0x80
地址读通道握手成功!
读取成功: 数据 = 0x1
读取完成: 地址: 0x80, 数据: 0x1 成功
开始读取地址: 0x80
地址读通道握手成功!
读取成功: 数据 = 0x1
读取完成: 地址: 0x80, 数据: 0x1 成功
开始读取地址: 0x80
地址读通道握手成功!
读取成功: 数据 = 0x1
读取完成: 地址: 0x80, 数据: 0x1 成功
开始读取地址: 0x80
地址读通道握手成功!
读取成功: 数据 = 0x1
读取完成: 地址: 0x80, 数据: 0x1 成功
开始读取地址: 0x80
地址读通道握手成功!
读取成功: 数据 = 0x1
读取完成: 地址: 0x80, 数据: 0x1 成功
开始读取地址: 0x80
地址读通道握手成功!
读取成功: 数据 = 0x1
读取完成: 地址: 0x80, 数据: 0x1 成功
开始读取地址: 0x80
地址读通道握手成功!
读取成功: 数据 = 0x1
读取完成: 地址: 0x80, 数据: 0x1 成功
开始读取地址: 0x80
地址读通道握手成功!
读取成功: 数据 = 0x1
读取完成: 地址: 0x80, 数据: 0x1 成功
开始读取地址: 0x80
地址读通道握手成功!
读取成功: 数据 = 0x1
读取完成: 地址: 0x80, 数据: 0x1 成功
开始读取地址: 0x80
地址读通道握手成功!
读取成功: 数据 = 0x1
读取完成: 地址: 0x80, 数据: 0x1 成功
开始读取地址: 0x80
地址读通道握手成功!
读取成功: 数据 = 0x1
读取完成: 地址: 0x80, 数据: 0x1 成功
开始读取地址: 0x80
地址读通道握手成功!
读取成功: 数据 = 0x1
读取完成: 地址: 0x80, 数据: 0x1 成功
开始读取地址: 0x80
地址读通道握手成功!
读取成功: 数据 = 0x1
读取完成: 地址: 0x80, 数据: 0x1 成功
开始读取地址: 0x80
地址读通道握手成功!
读取成功: 数据 = 0x1
读取完成: 地址: 0x80, 数据: 0x1 成功
开始读取地址: 0x80
地址读通道握手成功!
读取成功: 数据 = 0x1
读取完成: 地址: 0x80, 数据: 0x1 成功
开始读取地址: 0x80
地址读通道握手成功!
读取成功: 数据 = 0x1
读取完成: 地址: 0x80, 数据: 0x1 成功
开始读取地址: 0x80
地址读通道握手成功!
读取成功: 数据 = 0x1
读取完成: 地址: 0x80, 数据: 0x1 成功
开始读取地址: 0x80
地址读通道握手成功!
读取成功: 数据 = 0x1
读取完成: 地址: 0x80, 数据: 0x1 成功
开始读取地址: 0x80
地址读通道握手成功!
读取成功: 数据 = 0x1
读取完成: 地址: 0x80, 数据: 0x1 成功
开始读取地址: 0x80
地址读通道握手成功!
读取成功: 数据 = 0x1
读取完成: 地址: 0x80, 数据: 0x1 成功
开始读取地址: 0x80
地址读通道握手成功!
读取成功: 数据 = 0x1
读取完成: 地址: 0x80, 数据: 0x1 成功
开始读取地址: 0x80
地址读通道握手成功!
读取成功: 数据 = 0x1
读取完成: 地址: 0x80, 数据: 0x1 成功
开始读取地址: 0x80
地址读通道握手成功!
读取成功: 数据 = 0x1
读取完成: 地址: 0x80, 数据: 0x1 成功
开始读取地址: 0x80
地址读通道握手成功!
读取成功: 数据 = 0x1
读取完成: 地址: 0x80, 数据: 0x1 成功
开始读取地址: 0x80
地址读通道握手成功!
读取成功: 数据 = 0x1
读取完成: 地址: 0x80, 数据: 0x1 成功
开始读取地址: 0x80
地址读通道握手成功!
读取成功: 数据 = 0x1
读取完成: 地址: 0x80, 数据: 0x1 成功
开始读取地址: 0x80
地址读通道握手成功!
读取成功: 数据 = 0x1
读取完成: 地址: 0x80, 数据: 0x1 成功
开始读取地址: 0x80
地址读通道握手成功!
读取成功: 数据 = 0x1
读取完成: 地址: 0x80, 数据: 0x1 成功
开始读取地址: 0x80
地址读通道握手成功!
读取成功: 数据 = 0x1
读取完成: 地址: 0x80, 数据: 0x1 成功
开始读取地址: 0x80
地址读通道握手成功!
读取成功: 数据 = 0x1
读取完成: 地址: 0x80, 数据: 0x1 成功
开始读取地址: 0x80
地址读通道握手成功!
读取成功: 数据 = 0x1
读取完成: 地址: 0x80, 数据: 0x1 成功
开始读取地址: 0x80
地址读通道握手成功!
读取成功: 数据 = 0x1
读取完成: 地址: 0x80, 数据: 0x1 成功
开始读取地址: 0x80
地址读通道握手成功!
读取成功: 数据 = 0x1
读取完成: 地址: 0x80, 数据: 0x1 成功
开始读取地址: 0x80
地址读通道握手成功!
读取成功: 数据 = 0x1
读取完成: 地址: 0x80, 数据: 0x1 成功
开始读取地址: 0x80
地址读通道握手成功!
读取成功: 数据 = 0x1
读取完成: 地址: 0x80, 数据: 0x1 成功
开始读取地址: 0x80
地址读通道握手成功!
读取成功: 数据 = 0x1
读取完成: 地址: 0x80, 数据: 0x1 成功
开始读取地址: 0x80
地址读通道握手成功!
读取成功: 数据 = 0x1
读取完成: 地址: 0x80, 数据: 0x1 成功
开始读取地址: 0x80
地址读通道握手成功!
读取成功: 数据 = 0x1
读取完成: 地址: 0x80, 数据: 0x1 成功
开始读取地址: 0x80
地址读通道握手成功!
读取成功: 数据 = 0x1
读取完成: 地址: 0x80, 数据: 0x1 成功
开始读取地址: 0x80
地址读通道握手成功!
读取成功: 数据 = 0x1
读取完成: 地址: 0x80, 数据: 0x1 成功
开始读取地址: 0x80
地址读通道握手成功!
读取成功: 数据 = 0x1
读取完成: 地址: 0x80, 数据: 0x1 成功
开始读取地址: 0x80
地址读通道握手成功!
读取成功: 数据 = 0x1
读取完成: 地址: 0x80, 数据: 0x1 成功
开始读取地址: 0x80
地址读通道握手成功!
读取成功: 数据 = 0x1
读取完成: 地址: 0x80, 数据: 0x1 成功
开始读取地址: 0x80
地址读通道握手成功!
读取成功: 数据 = 0x1
读取完成: 地址: 0x80, 数据: 0x1 成功
开始读取地址: 0x80
地址读通道握手成功!
读取成功: 数据 = 0x1
读取完成: 地址: 0x80, 数据: 0x1 成功
开始读取地址: 0x80
地址读通道握手成功!
读取成功: 数据 = 0x1
读取完成: 地址: 0x80, 数据: 0x1 成功
开始读取地址: 0x80
地址读通道握手成功!
读取成功: 数据 = 0x1
读取完成: 地址: 0x80, 数据: 0x1 成功
开始读取地址: 0x80
地址读通道握手成功!
读取成功: 数据 = 0x1
读取完成: 地址: 0x80, 数据: 0x1 成功
开始读取地址: 0x80
地址读通道握手成功!
读取成功: 数据 = 0x1
读取完成: 地址: 0x80, 数据: 0x1 成功
开始读取地址: 0x80
地址读通道握手成功!
读取成功: 数据 = 0x1
读取完成: 地址: 0x80, 数据: 0x1 成功
开始读取地址: 0x80
地址读通道握手成功!
读取成功: 数据 = 0x1
读取完成: 地址: 0x80, 数据: 0x1 成功
开始读取地址: 0x80
地址读通道握手成功!
读取成功: 数据 = 0x1
读取完成: 地址: 0x80, 数据: 0x1 成功
开始读取地址: 0x80
地址读通道握手成功!
读取成功: 数据 = 0x1
读取完成: 地址: 0x80, 数据: 0x1 成功
开始读取地址: 0x80
地址读通道握手成功!
读取成功: 数据 = 0x1
读取完成: 地址: 0x80, 数据: 0x1 成功
开始读取地址: 0x80
地址读通道握手成功!
读取成功: 数据 = 0x1
读取完成: 地址: 0x80, 数据: 0x1 成功
开始读取地址: 0x80
地址读通道握手成功!
读取成功: 数据 = 0x1
读取完成: 地址: 0x80, 数据: 0x1 成功
开始读取地址: 0x80
地址读通道握手成功!
读取成功: 数据 = 0x1
读取完成: 地址: 0x80, 数据: 0x1 成功
开始读取地址: 0x80
地址读通道握手成功!
读取成功: 数据 = 0x1
读取完成: 地址: 0x80, 数据: 0x1 成功
开始读取地址: 0x80
地址读通道握手成功!
读取成功: 数据 = 0x1
读取完成: 地址: 0x80, 数据: 0x1 成功
开始读取地址: 0x80
地址读通道握手成功!
读取成功: 数据 = 0x1
读取完成: 地址: 0x80, 数据: 0x1 成功
开始读取地址: 0x80
地址读通道握手成功!
读取成功: 数据 = 0x1
读取完成: 地址: 0x80, 数据: 0x1 成功
开始读取地址: 0x80
地址读通道握手成功!
读取成功: 数据 = 0x1
读取完成: 地址: 0x80, 数据: 0x1 成功
开始读取地址: 0x80
地址读通道握手成功!
读取成功: 数据 = 0x1
读取完成: 地址: 0x80, 数据: 0x1 成功
开始读取地址: 0x80
地址读通道握手成功!
读取成功: 数据 = 0x1
读取完成: 地址: 0x80, 数据: 0x1 成功
开始读取地址: 0x80
地址读通道握手成功!
读取成功: 数据 = 0x1
读取完成: 地址: 0x80, 数据: 0x1 成功
开始读取地址: 0x80
地址读通道握手成功!
读取成功: 数据 = 0x1
读取完成: 地址: 0x80, 数据: 0x1 成功
开始读取地址: 0x80
地址读通道握手成功!
读取成功: 数据 = 0x1
读取完成: 地址: 0x80, 数据: 0x1 成功
开始读取地址: 0x80
地址读通道握手成功!
读取成功: 数据 = 0x1
读取完成: 地址: 0x80, 数据: 0x1 成功
开始读取地址: 0x80
地址读通道握手成功!
读取成功: 数据 = 0x1
读取完成: 地址: 0x80, 数据: 0x1 成功
开始读取地址: 0x80
地址读通道握手成功!
读取成功: 数据 = 0x1
读取完成: 地址: 0x80, 数据: 0x1 成功
开始读取地址: 0x80
地址读通道握手成功!
读取成功: 数据 = 0x1
读取完成: 地址: 0x80, 数据: 0x1 成功
开始读取地址: 0x80
地址读通道握手成功!
读取成功: 数据 = 0x1
读取完成: 地址: 0x80, 数据: 0x1 成功
开始读取地址: 0x80
地址读通道握手成功!
读取成功: 数据 = 0x1
读取完成: 地址: 0x80, 数据: 0x1 成功
开始读取地址: 0x80
地址读通道握手成功!
读取成功: 数据 = 0x1
读取完成: 地址: 0x80, 数据: 0x1 成功
开始读取地址: 0x80
地址读通道握手成功!
读取成功: 数据 = 0x1
读取完成: 地址: 0x80, 数据: 0x1 成功
开始读取地址: 0x80
地址读通道握手成功!
读取成功: 数据 = 0x1
读取完成: 地址: 0x80, 数据: 0x1 成功
开始读取地址: 0x80
地址读通道握手成功!
读取成功: 数据 = 0x1
读取完成: 地址: 0x80, 数据: 0x1 成功
开始读取地址: 0x80
地址读通道握手成功!
读取成功: 数据 = 0x1
读取完成: 地址: 0x80, 数据: 0x1 成功
开始读取地址: 0x80
地址读通道握手成功!
读取成功: 数据 = 0x1
读取完成: 地址: 0x80, 数据: 0x1 成功
开始读取地址: 0x80
地址读通道握手成功!
读取成功: 数据 = 0x1
读取完成: 地址: 0x80, 数据: 0x1 成功
开始读取地址: 0x80
地址读通道握手成功!
读取成功: 数据 = 0x1
读取完成: 地址: 0x80, 数据: 0x1 成功
开始读取地址: 0x80
地址读通道握手成功!
读取成功: 数据 = 0x1
读取完成: 地址: 0x80, 数据: 0x1 成功
开始读取地址: 0x80
地址读通道握手成功!
读取成功: 数据 = 0x1
读取完成: 地址: 0x80, 数据: 0x1 成功
开始读取地址: 0x80
地址读通道握手成功!
读取成功: 数据 = 0x1
读取完成: 地址: 0x80, 数据: 0x1 成功
开始读取地址: 0x80
地址读通道握手成功!
读取成功: 数据 = 0x1
读取完成: 地址: 0x80, 数据: 0x1 成功
开始读取地址: 0x80
地址读通道握手成功!
读取成功: 数据 = 0x1
读取完成: 地址: 0x80, 数据: 0x1 成功
开始读取地址: 0x80
地址读通道握手成功!
读取成功: 数据 = 0x1
读取完成: 地址: 0x80, 数据: 0x1 成功
开始读取地址: 0x80
地址读通道握手成功!
读取成功: 数据 = 0x1
读取完成: 地址: 0x80, 数据: 0x1 成功
开始读取地址: 0x80
地址读通道握手成功!
读取成功: 数据 = 0x1
读取完成: 地址: 0x80, 数据: 0x1 成功
开始读取地址: 0x80
地址读通道握手成功!
读取成功: 数据 = 0x1
读取完成: 地址: 0x80, 数据: 0x1 成功
开始读取地址: 0x80
地址读通道握手成功!
读取成功: 数据 = 0x1
读取完成: 地址: 0x80, 数据: 0x1 成功
开始读取地址: 0x80
地址读通道握手成功!
读取成功: 数据 = 0x1
读取完成: 地址: 0x80, 数据: 0x1 成功
开始读取地址: 0x80
地址读通道握手成功!
读取成功: 数据 = 0x1
读取完成: 地址: 0x80, 数据: 0x1 成功
开始读取地址: 0x80
地址读通道握手成功!
读取成功: 数据 = 0x1
读取完成: 地址: 0x80, 数据: 0x1 成功
开始读取地址: 0x80
地址读通道握手成功!
读取成功: 数据 = 0x1
读取完成: 地址: 0x80, 数据: 0x1 成功
开始读取地址: 0x80
地址读通道握手成功!
读取成功: 数据 = 0x1
读取完成: 地址: 0x80, 数据: 0x1 成功
开始读取地址: 0x80
地址读通道握手成功!
读取成功: 数据 = 0x1
读取完成: 地址: 0x80, 数据: 0x1 成功
开始读取地址: 0x80
地址读通道握手成功!
读取成功: 数据 = 0x1
读取完成: 地址: 0x80, 数据: 0x1 成功
开始读取地址: 0x80
地址读通道握手成功!
读取成功: 数据 = 0x1
读取完成: 地址: 0x80, 数据: 0x1 成功
开始读取地址: 0x80
地址读通道握手成功!
读取成功: 数据 = 0x1
读取完成: 地址: 0x80, 数据: 0x1 成功
开始读取地址: 0x80
地址读通道握手成功!
读取成功: 数据 = 0x1
读取完成: 地址: 0x80, 数据: 0x1 成功
开始读取地址: 0x80
地址读通道握手成功!
读取成功: 数据 = 0x1
读取完成: 地址: 0x80, 数据: 0x1 成功
开始读取地址: 0x80
地址读通道握手成功!
读取成功: 数据 = 0x1
读取完成: 地址: 0x80, 数据: 0x1 成功
开始读取地址: 0x80
地址读通道握手成功!
读取成功: 数据 = 0x1
读取完成: 地址: 0x80, 数据: 0x1 成功
开始读取地址: 0x80
地址读通道握手成功!
读取成功: 数据 = 0x1
读取完成: 地址: 0x80, 数据: 0x1 成功
开始读取地址: 0x80
地址读通道握手成功!
读取成功: 数据 = 0x1
读取完成: 地址: 0x80, 数据: 0x1 成功
开始读取地址: 0x80
地址读通道握手成功!
读取成功: 数据 = 0x1
读取完成: 地址: 0x80, 数据: 0x1 成功
开始读取地址: 0x80
地址读通道握手成功!
读取成功: 数据 = 0x1
读取完成: 地址: 0x80, 数据: 0x1 成功
开始读取地址: 0x80
地址读通道握手成功!
读取成功: 数据 = 0x1
读取完成: 地址: 0x80, 数据: 0x1 成功
开始读取地址: 0x80
地址读通道握手成功!
读取成功: 数据 = 0x1
读取完成: 地址: 0x80, 数据: 0x1 成功
开始读取地址: 0x80
地址读通道握手成功!
读取成功: 数据 = 0x1
读取完成: 地址: 0x80, 数据: 0x1 成功
开始读取地址: 0x80
地址读通道握手成功!
读取成功: 数据 = 0x1
读取完成: 地址: 0x80, 数据: 0x1 成功
开始读取地址: 0x80
地址读通道握手成功!
读取成功: 数据 = 0x1
读取完成: 地址: 0x80, 数据: 0x1 成功
开始读取地址: 0x80
地址读通道握手成功!
读取成功: 数据 = 0x1
读取完成: 地址: 0x80, 数据: 0x1 成功
开始读取地址: 0x80
地址读通道握手成功!
读取成功: 数据 = 0x1
读取完成: 地址: 0x80, 数据: 0x1 成功
开始读取地址: 0x80
地址读通道握手成功!
读取成功: 数据 = 0x1
读取完成: 地址: 0x80, 数据: 0x1 成功
开始读取地址: 0x80
地址读通道握手成功!
读取成功: 数据 = 0x1
读取完成: 地址: 0x80, 数据: 0x1 成功
等待处理完成超时!
等待处理完成失败, 测试继续!
验证修改过的数据:
开始读取地址: 0x0
地址读通道握手成功!
读取成功: 数据 = 0xdeadbeef
读取完成: 地址: 0x0, 数据: 0xdeadbeef 成功
开始读取地址: 0x40
地址读通道握手成功!
读取成功: 数据 = 0xffffffff
读取完成: 地址: 0x40, 数据: 0xffffffff 成功
验证失败: 原始数据=0xdeadbeef, 处理后数据=0xffffffff, 期望数据=0x21524110
开始读取地址: 0x8
地址读通道握手成功!
读取成功: 数据 = 0xdeadbeef
读取完成: 地址: 0x8, 数据: 0xdeadbeef 成功
开始读取地址: 0x48
地址读通道握手成功!
读取成功: 数据 = 0xffffffff
读取完成: 地址: 0x48, 数据: 0xffffffff 成功
验证失败: 原始数据=0xdeadbeef, 处理后数据=0xffffffff, 期望数据=0x21524110
开始读取地址: 0x10
地址读通道握手成功!
读取成功: 数据 = 0xdeadbeef
读取完成: 地址: 0x10, 数据: 0xdeadbeef 成功
开始读取地址: 0x50
地址读通道握手成功!
读取成功: 数据 = 0xffffffff
读取完成: 地址: 0x50, 数据: 0xffffffff 成功
验证失败: 原始数据=0xdeadbeef, 处理后数据=0xffffffff, 期望数据=0x21524110
开始读取地址: 0x18
地址读通道握手成功!
读取成功: 数据 = 0xdeadbeef
读取完成: 地址: 0x18, 数据: 0xdeadbeef 成功
开始读取地址: 0x58
地址读通道握手成功!
读取成功: 数据 = 0xffffffff
读取完成: 地址: 0x58, 数据: 0xffffffff 成功
验证失败: 原始数据=0xdeadbeef, 处理后数据=0xffffffff, 期望数据=0x21524110
开始读取地址: 0x20
地址读通道握手成功!
读取成功: 数据 = 0xdeadbeef
读取完成: 地址: 0x20, 数据: 0xdeadbeef 成功
开始读取地址: 0x60
地址读通道握手成功!
读取成功: 数据 = 0xffffffff
读取完成: 地址: 0x60, 数据: 0xffffffff 成功
验证失败: 原始数据=0xdeadbeef, 处理后数据=0xffffffff, 期望数据=0x21524110
开始读取地址: 0x28
地址读通道握手成功!
读取成功: 数据 = 0xdeadbeef
读取完成: 地址: 0x28, 数据: 0xdeadbeef 成功
开始读取地址: 0x68
地址读通道握手成功!
读取成功: 数据 = 0xffffffff
读取完成: 地址: 0x68, 数据: 0xffffffff 成功
验证失败: 原始数据=0xdeadbeef, 处理后数据=0xffffffff, 期望数据=0x21524110
开始读取地址: 0x30
地址读通道握手成功!
读取成功: 数据 = 0xdeadbeef
读取完成: 地址: 0x30, 数据: 0xdeadbeef 成功
开始读取地址: 0x70
地址读通道握手成功!
读取成功: 数据 = 0xffffffff
读取完成: 地址: 0x70, 数据: 0xffffffff 成功
验证失败: 原始数据=0xdeadbeef, 处理后数据=0xffffffff, 期望数据=0x21524110
开始读取地址: 0x38
地址读通道握手成功!
读取成功: 数据 = 0xdeadbeef
读取完成: 地址: 0x38, 数据: 0xdeadbeef 成功
开始读取地址: 0x78
地址读通道握手成功!
读取成功: 数据 = 0xffffffff
读取完成: 地址: 0x78, 数据: 0xffffffff 成功
验证失败: 原始数据=0xdeadbeef, 处理后数据=0xffffffff, 期望数据=0x21524110
部分修改的数据验证失败!
========= 停止处理功能 =========
开始写入地址: 0x80, 数据: 0x0
地址写通道握手成功!
数据写通道握手成功!
写入成功!
写入完成: 地址: 0x80, 数据: 0x0 成功
停止处理功能成功!
测试完成，总时间: 7247
