Copyright 1986-2022 Xilinx, Inc. All Rights Reserved. Copyright 2022-2024 Advanced Micro Devices, Inc. All Rights Reserved.
-------------------------------------------------------------------------------------------------------------------------------------------------------------------------------------
| Tool Version : Vivado v.2024.2 (win64) Build 5239630 Fri Nov 08 22:35:27 MST 2024
| Date         : Thu Apr 17 16:46:31 2025
| Host         : wenruoxu running 64-bit major release  (build 9200)
| Command      : report_utilization -hierarchical -hierarchical_depth 20 -hierarchical_percentages -file ./synth_results/booth_multiplier_w24/booth_multiplier_w24_detailed_util.rpt
| Design       : booth_multiplier
| Device       : xc7z020clg484-1
| Speed File   : -1
| Design State : Synthesized
-------------------------------------------------------------------------------------------------------------------------------------------------------------------------------------

Utilization Design Information

Table of Contents
-----------------
1. Utilization by Hierarchy

1. Utilization by Hierarchy
---------------------------

+------------------+--------+------------+------------+----------+----------+------------+----------+----------+------------+
|     Instance     | Module | Total LUTs | Logic LUTs |  LUTRAMs |   SRLs   |     FFs    |  RAMB36  |  RAMB18  | DSP Blocks |
+------------------+--------+------------+------------+----------+----------+------------+----------+----------+------------+
| booth_multiplier |  (top) |  48(0.09%) |  48(0.09%) | 0(0.00%) | 0(0.00%) | 197(0.19%) | 0(0.00%) | 0(0.00%) |   0(0.00%) |
+------------------+--------+------------+------------+----------+----------+------------+----------+----------+------------+


