Copyright 1986-2022 Xilinx, Inc. All Rights Reserved. Copyright 2022-2024 Advanced Micro Devices, Inc. All Rights Reserved.
---------------------------------------------------------------------------------------------------------------------------------------------
| Tool Version : Vivado v.2024.2 (win64) Build 5239630 Fri Nov 08 22:35:27 MST 2024
| Date         : Thu Apr 17 16:46:57 2025
| Host         : wenruoxu running 64-bit major release  (build 9200)
| Command      : report_utilization -hierarchical -file ./synth_results/booth_multiplier_w32/booth_multiplier_w32_util.rpt
| Design       : booth_multiplier
| Device       : xc7z020clg484-1
| Speed File   : -1
| Design State : Synthesized
---------------------------------------------------------------------------------------------------------------------------------------------

Utilization Design Information

Table of Contents
-----------------
1. Utilization by Hierarchy

1. Utilization by Hierarchy
---------------------------

+------------------+--------+------------+------------+---------+------+-----+--------+--------+------------+
|     Instance     | Module | Total LUTs | Logic LUTs | LUTRAMs | SRLs | FFs | RAMB36 | RAMB18 | DSP Blocks |
+------------------+--------+------------+------------+---------+------+-----+--------+--------+------------+
| booth_multiplier |  (top) |         63 |         63 |       0 |    0 | 262 |      0 |      0 |          0 |
+------------------+--------+------------+------------+---------+------+-----+--------+--------+------------+


